12/02/2024 17:32:10 Erro: 'sdadsdas' is not a valid integer value
12/02/2024 17:34:22 Erro: 'sdadsdas' is not a valid integer value
12/02/2024 17:39:21 Erro: 'oioiadsoi' is not a valid integer value
12/02/2024 17:39:43 Erro: 'oioiadsoi' is not a valid integer value
12/02/2024 17:40:15 Erro: 'oioiadsoi' is not a valid integer value
12/02/2024 17:40:18 Erro: 'oioiadsoi' is not a valid integer value
12/02/2024 17:40:19 Erro: 'oioiadsoi' is not a valid integer value
12/02/2024 17:40:19 Erro: 'oioiadsoi' is not a valid integer value
13/02/2024 14:33:27 Erro: [FireDAC][Phys][PG][libpq] ERRO: operador não existe: integer = character varying.
No operator matches the given name and argument types. You might need to add explicit type casts.
13/02/2024 14:35:55 Erro: [FireDAC][Phys][PG][libpq] ERRO: operador não existe: integer = character varying.
No operator matches the given name and argument types. You might need to add explicit type casts.
13/02/2024 14:40:02 Erro: [FireDAC][Phys][PG][libpq] ERRO: operador não existe: integer = character varying.
No operator matches the given name and argument types. You might need to add explicit type casts.
13/02/2024 14:40:04 Erro: [FireDAC][Phys][PG][libpq] ERRO: operador não existe: integer = character varying.
No operator matches the given name and argument types. You might need to add explicit type casts.
13/02/2024 14:40:05 Erro: [FireDAC][Phys][PG][libpq] ERRO: operador não existe: integer = character varying.
No operator matches the given name and argument types. You might need to add explicit type casts.
13/02/2024 14:40:05 Erro: [FireDAC][Phys][PG][libpq] ERRO: operador não existe: integer = character varying.
No operator matches the given name and argument types. You might need to add explicit type casts.
13/02/2024 14:40:05 Erro: [FireDAC][Phys][PG][libpq] ERRO: operador não existe: integer = character varying.
No operator matches the given name and argument types. You might need to add explicit type casts.
13/02/2024 14:40:05 Erro: [FireDAC][Phys][PG][libpq] ERRO: operador não existe: integer = character varying.
No operator matches the given name and argument types. You might need to add explicit type casts.
13/02/2024 14:44:16 Erro: [FireDAC][Phys][PG][libpq] ERRO: erro de sintaxe em ou próximo a "$1"
13/02/2024 14:47:00 Erro: Parameter 'ID' not found
13/02/2024 14:47:47 Erro: Parameter '1' not found
13/02/2024 14:48:03 Erro: Parameter '$1' not found
13/02/2024 14:48:33 Erro: Parameter 'ID' not found
13/02/2024 14:56:33 Erro: [FireDAC][Phys][PG][libpq] ERRO: coluna "saldoinicial" não existe
13/02/2024 15:25:35 Erro: [FireDAC][Phys][PG][libpq] ERRO: operador não existe: character varying = integer.
No operator matches the given name and argument types. You might need to add explicit type casts.
13/02/2024 15:27:10 Erro: [FireDAC][Phys][PG][libpq] ERRO: operador não existe: character varying = integer.
No operator matches the given name and argument types. You might need to add explicit type casts.
15/02/2024 14:59:52 Erro: Cliente não cadastrado!
15/02/2024 15:08:51 Erro: Cliente não cadastrado!
15/02/2024 15:12:42 Erro: Cliente não cadastrado!
15/02/2024 15:12:45 Erro: Cliente não cadastrado!
15/02/2024 15:27:55 Erro: Cliente não cadastrado!
15/02/2024 15:30:28 Erro: Cliente não cadastrado!
